<?xml version="1.0" encoding="UTF-8"?>
<testsuite xmlns:xsi="http://www.w3.org/2001/XMLSchema-instance" xsi:noNamespaceSchemaLocation="https://maven.apache.org/surefire/maven-surefire-plugin/xsd/surefire-test-report-3.0.xsd" version="3.0" name="TestSuite" time="52.705" tests="6" errors="0" skipped="0" failures="0">
  <properties>
[...]
</properties>
  <testcase name="runScenario[&quot;HomePage is visible&quot;, &quot;HomePage&quot;](1)" classname="testRunner.runner" time="7.681">
    <system-out><![CDATA[
Scenario: HomePage is visible &amp#27;[90m# src/test/java/features/HomePage.feature:2&amp#27;[0m
  &amp#27;[32mWhen &amp#27;[0m&amp#27;[32mClick Logo&amp#27;[0m             &amp#27;[90m# stepDefinitions.HomePageSteps.clickLogo()&amp#27;[0m
  &amp#27;[32mThen &amp#27;[0m&amp#27;[32mcheck logo&amp#27;[0m             &amp#27;[90m# stepDefinitions.HomePageSteps.checkLogo()&amp#27;[0m
]]></system-out>
    <system-err><![CDATA[SLF4J: Failed to load class "org.slf4j.impl.StaticLoggerBinder".
SLF4J: Defaulting to no-operation (NOP) logger implementation
SLF4J: See http://www.slf4j.org/codes.html#StaticLoggerBinder for further details.
]]></system-err>
  </testcase>
  <testcase name="runScenario[&quot;Login with valid user&quot;, &quot;Login Wikipedia&quot;](2)" classname="testRunner.runner" time="15.189">
    <system-out><![CDATA[
Scenario: Login with valid user             &amp#27;[90m# src/test/java/features/Login.feature:3&amp#27;[0m
  &amp#27;[32mWhen &amp#27;[0m&amp#27;[32mCheck Login Button&amp#27;[0m                   &amp#27;[90m# stepDefinitions.LoginPageSteps.check_login_button()&amp#27;[0m
  &amp#27;[32mWhen &amp#27;[0m&amp#27;[32mClick Login Button&amp#27;[0m                   &amp#27;[90m# stepDefinitions.LoginPageSteps.click_login_button()&amp#27;[0m
  &amp#27;[32mWhen &amp#27;[0m&amp#27;[32mWrite Valid UserName &amp#27;[0m&amp#27;[32m&amp#27;[1m"Fuatokanakyol"&amp#27;[0m &amp#27;[90m# stepDefinitions.LoginPageSteps.writeValidUserName(java.lang.String)&amp#27;[0m
  &amp#27;[32mWhen &amp#27;[0m&amp#27;[32mWrite ValidPassword &amp#27;[0m&amp#27;[32m&amp#27;[1m"Fuat.1234"&amp#27;[0m      &amp#27;[90m# stepDefinitions.LoginPageSteps.writeValidPassword(java.lang.String)&amp#27;[0m
  &amp#27;[32mWhen &amp#27;[0m&amp#27;[32mClick Login&amp#27;[0m                          &amp#27;[90m# stepDefinitions.LoginPageSteps.click_login()&amp#27;[0m
  &amp#27;[32mThen &amp#27;[0m&amp#27;[32mcheck LoginPage&amp#27;[0m                      &amp#27;[90m# stepDefinitions.LoginPageSteps.check_login_page()&amp#27;[0m
]]></system-out>
  </testcase>
  <testcase name="runScenario[&quot;Login with invalid userName&quot;, &quot;Login Wikipedia&quot;](3)" classname="testRunner.runner" time="7.01">
    <system-out><![CDATA[
Scenario: Login with invalid userName  &amp#27;[90m# src/test/java/features/Login.feature:12&amp#27;[0m
  &amp#27;[32mWhen &amp#27;[0m&amp#27;[32mCheck Login Button&amp#27;[0m              &amp#27;[90m# stepDefinitions.LoginPageSteps.check_login_button()&amp#27;[0m
  &amp#27;[32mWhen &amp#27;[0m&amp#27;[32mClick Login Button&amp#27;[0m              &amp#27;[90m# stepDefinitions.LoginPageSteps.click_login_button()&amp#27;[0m
  &amp#27;[32mWhen &amp#27;[0m&amp#27;[32mWrite Invalid UserName &amp#27;[0m&amp#27;[32m&amp#27;[1m"AAAAAA"&amp#27;[0m &amp#27;[90m# stepDefinitions.LoginPageSteps.writeInvalidUserName(java.lang.String)&amp#27;[0m
  &amp#27;[32mWhen &amp#27;[0m&amp#27;[32mWrite ValidPassword &amp#27;[0m&amp#27;[32m&amp#27;[1m"Fuat.1234"&amp#27;[0m &amp#27;[90m# stepDefinitions.LoginPageSteps.writeValidPassword(java.lang.String)&amp#27;[0m
  &amp#27;[32mWhen &amp#27;[0m&amp#27;[32mClick Login&amp#27;[0m                     &amp#27;[90m# stepDefinitions.LoginPageSteps.click_login()&amp#27;[0m
  &amp#27;[32mThen &amp#27;[0m&amp#27;[32mcheck Error Message&amp#27;[0m             &amp#27;[90m# stepDefinitions.LoginPageSteps.checkErrorMessage()&amp#27;[0m
]]></system-out>
  </testcase>
  <testcase name="runScenario[&quot;Login with invalid Password&quot;, &quot;Login Wikipedia&quot;](4)" classname="testRunner.runner" time="7.086">
    <system-out><![CDATA[
Scenario: Login with invalid Password       &amp#27;[90m# src/test/java/features/Login.feature:20&amp#27;[0m
  &amp#27;[32mWhen &amp#27;[0m&amp#27;[32mCheck Login Button&amp#27;[0m                   &amp#27;[90m# stepDefinitions.LoginPageSteps.check_login_button()&amp#27;[0m
  &amp#27;[32mWhen &amp#27;[0m&amp#27;[32mClick Login Button&amp#27;[0m                   &amp#27;[90m# stepDefinitions.LoginPageSteps.click_login_button()&amp#27;[0m
  &amp#27;[32mWhen &amp#27;[0m&amp#27;[32mWrite Valid UserName &amp#27;[0m&amp#27;[32m&amp#27;[1m"Fuatokanakyol"&amp#27;[0m &amp#27;[90m# stepDefinitions.LoginPageSteps.writeValidUserName(java.lang.String)&amp#27;[0m
  &amp#27;[32mWhen &amp#27;[0m&amp#27;[32mWrite InValidPassword &amp#27;[0m&amp#27;[32m&amp#27;[1m"123213131"&amp#27;[0m    &amp#27;[90m# stepDefinitions.LoginPageSteps.writeInPassword(java.lang.String)&amp#27;[0m
  &amp#27;[32mWhen &amp#27;[0m&amp#27;[32mClick Login&amp#27;[0m                          &amp#27;[90m# stepDefinitions.LoginPageSteps.click_login()&amp#27;[0m
  &amp#27;[32mThen &amp#27;[0m&amp#27;[32mcheck Error Message&amp#27;[0m                  &amp#27;[90m# stepDefinitions.LoginPageSteps.checkErrorMessage()&amp#27;[0m
]]></system-out>
  </testcase>
  <testcase name="runScenario[&quot;Login with invalid Password and invalid userName&quot;, &quot;Login Wikipedia&quot;](5)" classname="testRunner.runner" time="7.214">
    <system-out><![CDATA[
Scenario: Login with invalid Password and invalid userName &amp#27;[90m# src/test/java/features/Login.feature:29&amp#27;[0m
  &amp#27;[32mWhen &amp#27;[0m&amp#27;[32mCheck Login Button&amp#27;[0m                                  &amp#27;[90m# stepDefinitions.LoginPageSteps.check_login_button()&amp#27;[0m
  &amp#27;[32mWhen &amp#27;[0m&amp#27;[32mClick Login Button&amp#27;[0m                                  &amp#27;[90m# stepDefinitions.LoginPageSteps.click_login_button()&amp#27;[0m
  &amp#27;[32mWhen &amp#27;[0m&amp#27;[32mWrite Invalid UserName &amp#27;[0m&amp#27;[32m&amp#27;[1m"BBBBBB"&amp#27;[0m                     &amp#27;[90m# stepDefinitions.LoginPageSteps.writeInvalidUserName(java.lang.String)&amp#27;[0m
  &amp#27;[32mWhen &amp#27;[0m&amp#27;[32mWrite InValidPassword &amp#27;[0m&amp#27;[32m&amp#27;[1m"F1232131"&amp#27;[0m                    &amp#27;[90m# stepDefinitions.LoginPageSteps.writeInPassword(java.lang.String)&amp#27;[0m
  &amp#27;[32mWhen &amp#27;[0m&amp#27;[32mClick Login&amp#27;[0m                                         &amp#27;[90m# stepDefinitions.LoginPageSteps.click_login()&amp#27;[0m
  &amp#27;[32mThen &amp#27;[0m&amp#27;[32mcheck Error Message&amp#27;[0m                                 &amp#27;[90m# stepDefinitions.LoginPageSteps.checkErrorMessage()&amp#27;[0m
]]></system-out>
  </testcase>
  <testcase name="runScenario[&quot;Search some value&quot;, &quot;Search Item&quot;](6)" classname="testRunner.runner" time="6.397">
    <system-out><![CDATA[
@debug
Scenario: Search some value            &amp#27;[90m# src/test/java/features/Search.feature:4&amp#27;[0m
  &amp#27;[32mWhen &amp#27;[0m&amp#27;[32mWrite &amp#27;[0m&amp#27;[32m&amp#27;[1m"sofware"&amp#27;[0m&amp#27;[32m to search input&amp#27;[0m &amp#27;[90m# stepDefinitions.ResultPageSteps.writeToSearchInput(java.lang.String)&amp#27;[0m
  &amp#27;[32mWhen &amp#27;[0m&amp#27;[32mClick  search Button&amp#27;[0m            &amp#27;[90m# stepDefinitions.ResultPageSteps.click_search_button()&amp#27;[0m
  &amp#27;[32mThen &amp#27;[0m&amp#27;[32mCheck &amp#27;[0m&amp#27;[32m&amp#27;[1m"Search results"&amp#27;[0m&amp#27;[32m text&amp#27;[0m     &amp#27;[90m# stepDefinitions.ResultPageSteps.checkText(java.lang.String)&amp#27;[0m
]]></system-out>
  </testcase>
</testsuite>