<?xml version="1.0" encoding="UTF-8"?>
<testng-results ignored="0" total="6" passed="6" failed="0" skipped="0">
  <reporter-output>
  </reporter-output>
  <suite started-at="2024-04-23T14:20:13 TRT" name="WikipediaCucumberProject" finished-at="2024-04-23T14:21:05 TRT" duration-ms="52297">
    <groups>
      <group name="cucumber">
        <method signature="AbstractTestNGCucumberTests.runScenario(io.cucumber.testng.PickleWrapper,io.cucumber.testng.FeatureWrapper)[pri:0, instance:testRunner.runner@68999068]" name="runScenario" class="io.cucumber.testng.AbstractTestNGCucumberTests"/>
      </group> <!-- cucumber -->
    </groups>
    <test started-at="2024-04-23T14:20:13 TRT" name="Cucumber" finished-at="2024-04-23T14:21:05 TRT" duration-ms="52297">
      <class name="testRunner.runner">
        <test-method is-config="true" signature="setUpClass(org.testng.ITestContext)[pri:0, instance:testRunner.runner@68999068]" started-at="2024-04-23T14:20:13 TRT" name="setUpClass" finished-at="2024-04-23T14:20:14 TRT" duration-ms="465" status="PASS">
          <params>
            <param index="0">
              <value>
                <![CDATA[org.testng.TestRunner@5ac044ef]]>
              </value>
            </param>
          </params>
          <reporter-output>
          </reporter-output>
        </test-method> <!-- setUpClass -->
        <test-method signature="runScenario(io.cucumber.testng.PickleWrapper,io.cucumber.testng.FeatureWrapper)[pri:0, instance:testRunner.runner@68999068]" started-at="2024-04-23T14:20:14 TRT" name="runScenario" description="Runs Cucumber Scenarios" data-provider="scenarios" finished-at="2024-04-23T14:20:21 TRT" duration-ms="7677" status="PASS">
          <params>
            <param index="0">
              <value>
                <![CDATA["HomePage is visible"]]>
              </value>
            </param>
            <param index="1">
              <value>
                <![CDATA["HomePage"]]>
              </value>
            </param>
          </params>
          <reporter-output>
          </reporter-output>
        </test-method> <!-- runScenario -->
        <test-method signature="runScenario(io.cucumber.testng.PickleWrapper,io.cucumber.testng.FeatureWrapper)[pri:0, instance:testRunner.runner@68999068]" started-at="2024-04-23T14:20:21 TRT" name="runScenario" description="Runs Cucumber Scenarios" data-provider="scenarios" finished-at="2024-04-23T14:20:36 TRT" duration-ms="15231" status="PASS">
          <params>
            <param index="0">
              <value>
                <![CDATA["Login with valid user"]]>
              </value>
            </param>
            <param index="1">
              <value>
                <![CDATA["Login Wikipedia"]]>
              </value>
            </param>
          </params>
          <reporter-output>
          </reporter-output>
        </test-method> <!-- runScenario -->
        <test-method signature="runScenario(io.cucumber.testng.PickleWrapper,io.cucumber.testng.FeatureWrapper)[pri:0, instance:testRunner.runner@68999068]" started-at="2024-04-23T14:20:36 TRT" name="runScenario" description="Runs Cucumber Scenarios" data-provider="scenarios" finished-at="2024-04-23T14:20:43 TRT" duration-ms="7008" status="PASS">
          <params>
            <param index="0">
              <value>
                <![CDATA["Login with invalid userName"]]>
              </value>
            </param>
            <param index="1">
              <value>
                <![CDATA["Login Wikipedia"]]>
              </value>
            </param>
          </params>
          <reporter-output>
          </reporter-output>
        </test-method> <!-- runScenario -->
        <test-method signature="runScenario(io.cucumber.testng.PickleWrapper,io.cucumber.testng.FeatureWrapper)[pri:0, instance:testRunner.runner@68999068]" started-at="2024-04-23T14:20:43 TRT" name="runScenario" description="Runs Cucumber Scenarios" data-provider="scenarios" finished-at="2024-04-23T14:20:51 TRT" duration-ms="7085" status="PASS">
          <params>
            <param index="0">
              <value>
                <![CDATA["Login with invalid Password"]]>
              </value>
            </param>
            <param index="1">
              <value>
                <![CDATA["Login Wikipedia"]]>
              </value>
            </param>
          </params>
          <reporter-output>
          </reporter-output>
        </test-method> <!-- runScenario -->
        <test-method signature="runScenario(io.cucumber.testng.PickleWrapper,io.cucumber.testng.FeatureWrapper)[pri:0, instance:testRunner.runner@68999068]" started-at="2024-04-23T14:20:51 TRT" name="runScenario" description="Runs Cucumber Scenarios" data-provider="scenarios" finished-at="2024-04-23T14:20:58 TRT" duration-ms="7213" status="PASS">
          <params>
            <param index="0">
              <value>
                <![CDATA["Login with invalid Password and invalid userName"]]>
              </value>
            </param>
            <param index="1">
              <value>
                <![CDATA["Login Wikipedia"]]>
              </value>
            </param>
          </params>
          <reporter-output>
          </reporter-output>
        </test-method> <!-- runScenario -->
        <test-method signature="runScenario(io.cucumber.testng.PickleWrapper,io.cucumber.testng.FeatureWrapper)[pri:0, instance:testRunner.runner@68999068]" started-at="2024-04-23T14:20:58 TRT" name="runScenario" description="Runs Cucumber Scenarios" data-provider="scenarios" finished-at="2024-04-23T14:21:04 TRT" duration-ms="6398" status="PASS">
          <params>
            <param index="0">
              <value>
                <![CDATA["Search some value"]]>
              </value>
            </param>
            <param index="1">
              <value>
                <![CDATA["Search Item"]]>
              </value>
            </param>
          </params>
          <reporter-output>
          </reporter-output>
        </test-method> <!-- runScenario -->
        <test-method is-config="true" signature="tearDownClass()[pri:0, instance:testRunner.runner@68999068]" started-at="2024-04-23T14:21:04 TRT" name="tearDownClass" finished-at="2024-04-23T14:21:05 TRT" duration-ms="1181" status="PASS">
          <reporter-output>
          </reporter-output>
        </test-method> <!-- tearDownClass -->
      </class> <!-- testRunner.runner -->
    </test> <!-- Cucumber -->
  </suite> <!-- WikipediaCucumberProject -->
</testng-results>
